<?xml version="1.0" encoding="UTF-8"?>
<!-- Generated by org.testng.reporters.JUnitReportReporter -->
<testsuite hostname="Hardik-Laptop" name="tests.amazonTest.TestCasesExam" tests="1" failures="0" timestamp="13 Jul 2017 19:56:32 GMT" time="56.551" errors="0">
  <testcase name="Show_Result_Top5" time="56.551" classname="tests.amazonTest.TestCasesExam"/>
</testsuite> <!-- tests.amazonTest.TestCasesExam -->
